<?xml version="1.0" encoding="utf-8"?><testsuites name="pytest tests"><testsuite name="pytest" errors="0" failures="0" skipped="0" tests="77" time="12.642" timestamp="2026-09-24T22:36:39.848139+02:00" hostname="e2c124329f5d"><testcase classname="offline_validation.tests.test_business_key_contract_extended" name="test_reg_aliases_are_one_identity[\u06a9\u062f \u062b\u0628\u062a \u0633\u0641\u0627\u0631\u0634]" time="0.168" /><testcase classname="offline_validation.tests.test_business_key_contract_extended" name="test_reg_aliases_are_one_identity[\u0634\u0645\u0627\u0631\u0647 \u062b\u0628\u062a \u0633\u0641\u0627\u0631\u0634]" time="0.134" /><testcase classname="offline_validation.tests.test_business_key_contract_extended" name="test_reg_aliases_are_one_identity[\u062b\u0628\u062a \u0633\u0641\u0627\u0631\u0634]" time="0.126" /><testcase classname="offline_validation.tests.test_business_key_contract_extended" name="test_reg_aliases_are_one_identity[ \u0634\u0645\u0627\u0631\u0647 \u062b\u0628\u062a \u0633\u0641\u0627\u0631\u0634 ]" time="0.121" /><testcase classname="offline_validation.tests.test_business_key_contract_extended" name="test_reg_aliases_are_one_identity[\u0634\u0645\u0627\u0631\u0647_\u062b\u0628\u062a_\u0633\u0641\u0627\u0631\u0634]" time="0.162" /><testcase classname="offline_validation.tests.test_business_key_contract_extended" name="test_reg_aliases_are_one_identity[\u0634\u0645\u0627\u0631\u0647\n\u062b\u0628\u062a \u0633\u0641\u0627\u0631\u0634]" time="0.145" /><testcase classname="offline_validation.tests.test_business_key_contract_extended" name="test_reg_semantic_near_misses_are_not_reg_identity[\u0634\u0645\u0627\u0631\u0647 \u067e\u0631\u0648\u0646\u062f\u0647 \u062b\u0628\u062a \u0633\u0641\u0627\u0631\u0634]" time="0.127" /><testcase classname="offline_validation.tests.test_business_key_contract_extended" name="test_reg_semantic_near_misses_are_not_reg_identity[\u0634\u0645\u0627\u0631\u0647 \u067e\u0631\u0648\u0646\u062f\u0647]" time="0.124" /><testcase classname="offline_validation.tests.test_business_key_contract_extended" name="test_reg_semantic_near_misses_are_not_reg_identity[\u062a\u0627\u0631\u06cc\u062e \u062b\u0628\u062a \u0633\u0641\u0627\u0631\u0634]" time="0.139" /><testcase classname="offline_validation.tests.test_business_key_contract_extended" name="test_reg_semantic_near_misses_are_not_reg_identity[\u0627\u0631\u0632\u0634 \u062b\u0628\u062a \u0633\u0641\u0627\u0631\u0634]" time="0.144" /><testcase classname="offline_validation.tests.test_business_key_contract_extended" name="test_reg_semantic_near_misses_are_not_reg_identity[\u0645\u0628\u0644\u063a \u06a9\u0627\u0631\u0645\u0632\u062f \u062b\u0628\u062a \u0633\u0641\u0627\u0631\u0634 (\u0631\u06cc\u0627\u0644)]" time="0.120" /><testcase classname="offline_validation.tests.test_business_key_contract_extended" name="test_reg_semantic_near_misses_are_not_reg_identity[\u062d\u0627\u0644\u062a \u062b\u0628\u062a \u0633\u0641\u0627\u0631\u0634]" time="0.128" /><testcase classname="offline_validation.tests.test_business_key_contract_extended" name="test_reg_semantic_near_misses_are_not_reg_identity[\u0648\u0636\u0639\u06cc\u062a \u062b\u0628\u062a \u0633\u0641\u0627\u0631\u0634]" time="0.170" /><testcase classname="offline_validation.tests.test_business_key_contract_extended" name="test_order_aliases_are_one_commercial_identity[\u0634\u0645\u0627\u0631\u0647 \u0633\u0641\u0627\u0631\u0634]" time="0.130" /><testcase classname="offline_validation.tests.test_business_key_contract_extended" name="test_order_aliases_are_one_commercial_identity[\u0633\u0641\u0627\u0631\u0634]" time="0.128" /><testcase classname="offline_validation.tests.test_business_key_contract_extended" name="test_order_aliases_are_one_commercial_identity[Order No.]" time="0.133" /><testcase classname="offline_validation.tests.test_business_key_contract_extended" name="test_order_aliases_are_one_commercial_identity[Our Reference]" time="0.175" /><testcase classname="offline_validation.tests.test_business_key_contract_extended" name="test_order_semantic_near_misses_do_not_create_commercial_order[Purchase Requisition]" time="0.128" /><testcase classname="offline_validation.tests.test_business_key_contract_extended" name="test_order_semantic_near_misses_do_not_create_commercial_order[Order Unit]" time="0.131" /><testcase classname="offline_validation.tests.test_business_key_contract_extended" name="test_order_semantic_near_misses_do_not_create_commercial_order[Net Order Value]" time="0.126" /><testcase classname="offline_validation.tests.test_business_key_contract_extended" name="test_order_semantic_near_misses_do_not_create_commercial_order[Gross order value]" time="0.139" /><testcase classname="offline_validation.tests.test_business_key_contract_extended" name="test_order_semantic_near_misses_do_not_create_commercial_order[Purchase Order Item]" time="0.120" /><testcase classname="offline_validation.tests.test_business_key_contract_extended" name="test_order_semantic_near_misses_do_not_create_commercial_order[Purchase Order Date]" time="0.120" /><testcase classname="offline_validation.tests.test_business_key_contract_extended" name="test_order_semantic_near_misses_do_not_create_commercial_order[PO No]" time="0.135" /><testcase classname="offline_validation.tests.test_business_key_contract_extended" name="test_order_semantic_near_misses_do_not_create_commercial_order[Material Document]" time="0.140" /><testcase classname="offline_validation.tests.test_business_key_contract_extended" name="test_material_descriptors_do_not_create_material_identity[Material Document]" time="0.129" /><testcase classname="offline_validation.tests.test_business_key_contract_extended" name="test_material_descriptors_do_not_create_material_identity[Material Description]" time="0.129" /><testcase classname="offline_validation.tests.test_business_key_contract_extended" name="test_material_descriptors_do_not_create_material_identity[Material Group]" time="0.121" /><testcase classname="offline_validation.tests.test_business_key_contract_extended" name="test_material_descriptors_do_not_create_material_identity[Order Material]" time="0.151" /><testcase classname="offline_validation.tests.test_business_key_contract_extended" name="test_all_composite_components_are_mandatory[None]" time="0.142" /><testcase classname="offline_validation.tests.test_business_key_contract_extended" name="test_all_composite_components_are_mandatory[]" time="0.146" /><testcase classname="offline_validation.tests.test_business_key_contract_extended" name="test_all_composite_components_are_mandatory[nan]" time="0.153" /><testcase classname="offline_validation.tests.test_business_key_contract_extended" name="test_all_composite_components_are_mandatory[bad3]" time="0.135" /><testcase classname="offline_validation.tests.test_business_key_contract_extended" name="test_order_bl_composite_never_serializes_missing_component[None]" time="0.159" /><testcase classname="offline_validation.tests.test_business_key_contract_extended" name="test_order_bl_composite_never_serializes_missing_component[]" time="0.149" /><testcase classname="offline_validation.tests.test_business_key_contract_extended" name="test_order_bl_composite_never_serializes_missing_component[nan]" time="0.139" /><testcase classname="offline_validation.tests.test_business_key_contract_extended" name="test_order_bl_composite_never_serializes_missing_component[bad3]" time="0.154" /><testcase classname="offline_validation.tests.test_business_key_contract_extended" name="test_ntsw_import_license_does_not_require_material" time="0.152" /><testcase classname="offline_validation.tests.test_business_key_contract_extended" name="test_ntsw_reg_file_without_reg_stays_unresolved_not_fabricated" time="0.148" /><testcase classname="offline_validation.tests.test_business_key_contract_extended" name="test_ntsw_order_absence_does_not_fabricate_order_from_registration" time="0.131" /><testcase classname="offline_validation.tests.test_contract_and_lineage_extended" name="test_credit_lineage_roundtrip[_SOURCE_ROW-17]" time="0.199" /><testcase classname="offline_validation.tests.test_contract_and_lineage_extended" name="test_credit_lineage_roundtrip[_SOURCE_FILE_ID-sha256:abc]" time="0.171" /><testcase classname="offline_validation.tests.test_contract_and_lineage_extended" name="test_credit_lineage_roundtrip[_SOURCE_SHEET-PURCREDIT]" time="0.220" /><testcase classname="offline_validation.tests.test_contract_and_lineage_extended" name="test_pr_native_fields_remain_on_pr_semantics[Material-SAP_MATERIAL]" time="0.478" /><testcase classname="offline_validation.tests.test_contract_and_lineage_extended" name="test_pr_native_fields_remain_on_pr_semantics[Currency-SAP_PR_CURRENCY]" time="0.268" /><testcase classname="offline_validation.tests.test_contract_and_lineage_extended" name="test_pr_does_not_fill_foreign_sheet_authority[SAP_PO_MATERIAL]" time="0.278" /><testcase classname="offline_validation.tests.test_contract_and_lineage_extended" name="test_pr_does_not_fill_foreign_sheet_authority[SAP_PACK_MATERIAL]" time="0.274" /><testcase classname="offline_validation.tests.test_contract_and_lineage_extended" name="test_pr_does_not_fill_foreign_sheet_authority[SAP_PO_CURRENCY]" time="0.404" /><testcase classname="offline_validation.tests.test_contract_and_lineage_extended" name="test_event_specific_currency_does_not_become_lc_currency[\u0646\u0648\u0639 \u0627\u0631\u06325-CRD_ALLOC_CURRENCY]" time="0.158" /><testcase classname="offline_validation.tests.test_contract_and_lineage_extended" name="test_event_specific_currency_does_not_become_lc_currency[\u0646\u0648\u0639 \u0627\u0631\u06326-CRD_SWIFT_CURRENCY]" time="0.161" /><testcase classname="offline_validation.tests.test_knowledge_bundle" name="test_knowledge_manifest_is_complete_and_immutable" time="0.129" /><testcase classname="offline_validation.tests.test_knowledge_bundle" name="test_oracle_ids_unique_and_have_basis" time="0.163" /><testcase classname="offline_validation.tests.test_knowledge_bundle" name="test_regulatory_oracles_have_external_provenance" time="0.124" /><testcase classname="offline_validation.tests.test_knowledge_bundle" name="test_no_external_source_claimed_fully_observed_when_access_was_incomplete" time="0.129" /><testcase classname="offline_validation.tests.test_knowledge_bundle" name="test_business_contract_document_contains_four_distinct_entities" time="0.131" /><testcase classname="offline_validation.tests.test_metamorphic_semantics" name="test_unknown_commitment_never_becomes_covered_zero[None]" time="0.128" /><testcase classname="offline_validation.tests.test_metamorphic_semantics" name="test_unknown_commitment_never_becomes_covered_zero[]" time="0.128" /><testcase classname="offline_validation.tests.test_metamorphic_semantics" name="test_unknown_commitment_never_becomes_covered_zero[nan]" time="0.135" /><testcase classname="offline_validation.tests.test_metamorphic_semantics" name="test_unknown_commitment_never_becomes_covered_zero[unknown3]" time="0.179" /><testcase classname="offline_validation.tests.test_metamorphic_semantics" name="test_nonfinite_balance_cannot_produce_equivalent[inf]" time="0.124" /><testcase classname="offline_validation.tests.test_metamorphic_semantics" name="test_nonfinite_balance_cannot_produce_equivalent[-inf]" time="0.152" /><testcase classname="offline_validation.tests.test_metamorphic_semantics" name="test_nonfinite_balance_cannot_produce_equivalent[Infinity]" time="0.169" /><testcase classname="offline_validation.tests.test_metamorphic_semantics" name="test_nonfinite_balance_cannot_produce_equivalent[-Infinity]" time="0.128" /><testcase classname="offline_validation.tests.test_metamorphic_semantics" name="test_nonactual_purchase_does_not_change_actual_valuation[PLANNED]" time="0.158" /><testcase classname="offline_validation.tests.test_metamorphic_semantics" name="test_nonactual_purchase_does_not_change_actual_valuation[FORECAST]" time="0.134" /><testcase classname="offline_validation.tests.test_metamorphic_semantics" name="test_nonactual_purchase_does_not_change_actual_valuation[DRAFT]" time="0.159" /><testcase classname="offline_validation.tests.test_metamorphic_semantics" name="test_unrelated_currency_evidence_cannot_change_target_currency[EUR]" time="0.131" /><testcase classname="offline_validation.tests.test_metamorphic_semantics" name="test_unrelated_currency_evidence_cannot_change_target_currency[CNY]" time="0.133" /><testcase classname="offline_validation.tests.test_metamorphic_semantics" name="test_unrelated_currency_evidence_cannot_change_target_currency[AED]" time="0.137" /><testcase classname="offline_validation.tests.test_metamorphic_semantics" name="test_unrelated_currency_evidence_cannot_change_target_currency[JPY]" time="0.138" /><testcase classname="offline_validation.tests.test_metamorphic_semantics" name="test_unrelated_registration_cannot_change_target_case[R2]" time="0.194" /><testcase classname="offline_validation.tests.test_metamorphic_semantics" name="test_unrelated_registration_cannot_change_target_case[99999999]" time="0.147" /><testcase classname="offline_validation.tests.test_metamorphic_semantics" name="test_unrelated_registration_cannot_change_target_case[OTHER]" time="0.161" /><testcase classname="offline_validation.tests.test_metamorphic_semantics" name="test_allocation_conflict_is_permutation_invariant" time="0.131" /><testcase classname="offline_validation.tests.test_metamorphic_semantics" name="test_cashflow_row_order_invariance_for_valid_events" time="0.165" /><testcase classname="offline_validation.tests.test_metamorphic_semantics" name="test_distinct_equal_events_different_currency_survive" time="0.137" /><testcase classname="offline_validation.tests.test_metamorphic_semantics" name="test_exact_source_replay_is_idempotent_but_distinct_ids_are_not" time="0.165" /></testsuite></testsuites>